<?xml version="1.0" encoding="UTF-8"?>
<!-- Generated by org.testng.reporters.JUnitXMLReporter -->
<testsuite hostname="DESKTOP-MP9K177" ignored="0" name="Test" tests="4" failures="1" timestamp="2021-06-26T07:15:04 IST" time="23.204" errors="0">
  <testcase name="aaTestCase" time="0.036" classname="org.tests.com.AA">
    <skipped/>
  </testcase> <!-- aaTestCase -->
  <testcase name="testCase03" time="0.004" classname="org.tests.com.TC03"/>
  <testcase name="aaTestCase" time="0.012" classname="org.tests.com.AA">
    <skipped/>
  </testcase> <!-- aaTestCase -->
  <testcase name="aaTestCase" time="0.012" classname="org.tests.com.AA">
    <failure type="java.lang.AssertionError" message="expected [true] but found [false]">
      <![CDATA[java.lang.AssertionError: expected [true] but found [false]
at org.tests.com.AA.aaTestCase(AA.java:29)
at java.util.concurrent.ThreadPoolExecutor.runWorker(ThreadPoolExecutor.java:1149)
at java.util.concurrent.ThreadPoolExecutor$Worker.run(ThreadPoolExecutor.java:624)
at java.lang.Thread.run(Thread.java:748)
... Removed 16 stack frames]]>
    </failure>
  </testcase> <!-- aaTestCase -->
</testsuite> <!-- Test -->
